<?xml version="1.0" encoding="UTF-8"?>
<!-- Generated by org.testng.reporters.JUnitReportReporter -->
<testsuite hostname="LAPTOP-FLQ1BQI1" failures="0" tests="3" name="testsClasses.LoginTest" time="38.628" errors="0" timestamp="2023-04-08T13:38:31 IST" skipped="0">
  <testcase classname="testsClasses.LoginTest" name="login" time="7.302"/>
  <system-out/>
  <testcase classname="testsClasses.LoginTest" name="login" time="11.663"/>
  <system-out/>
  <testcase classname="testsClasses.LoginTest" name="login" time="19.663"/>
  <system-out/>
</testsuite> <!-- testsClasses.LoginTest -->
